android/phone-rental-app/app/build/intermediates/manifest_merge_blame_file/debug/manifest-merger-blame-debug-report.txt
1<?xml version="1.0" encoding="utf-8"?>
2<manifest xmlns:android="http://schemas.android.com/apk/res/android"
3    package="com.ajcpisowifi.phonerental"
4    android:versionCode="21"
5    android:versionName="2.6.0" >
6
7    <uses-sdk
8        android:minSdkVersion="24"
9        android:targetSdkVersion="34" />
10
11    <!-- Network permissions -->
12    <uses-permission android:name="android.permission.INTERNET" />
12-->src/main/AndroidManifest.xml:6:5-67
12-->src/main/AndroidManifest.xml:6:22-64
13    <uses-permission android:name="android.permission.ACCESS_NETWORK_STATE" />
13-->src/main/AndroidManifest.xml:7:5-79
13-->src/main/AndroidManifest.xml:7:22-76
14    <uses-permission android:name="android.permission.ACCESS_WIFI_STATE" />
14-->src/main/AndroidManifest.xml:8:5-76
14-->src/main/AndroidManifest.xml:8:22-73
15
16    <!-- Foreground service for timer -->
17    <uses-permission android:name="android.permission.FOREGROUND_SERVICE" />
17-->src/main/AndroidManifest.xml:11:5-77
17-->src/main/AndroidManifest.xml:11:22-74
18    <!-- FOREGROUND_SERVICE_SPECIAL_USE only needed on Android 14+ -->
19    <uses-permission android:name="android.permission.FOREGROUND_SERVICE_SPECIAL_USE" />
19-->src/main/AndroidManifest.xml:13:5-125
19-->src/main/AndroidManifest.xml:13:22-86
20
21    <!-- Keep screen on during rental -->
22    <uses-permission android:name="android.permission.WAKE_LOCK" />
22-->src/main/AndroidManifest.xml:16:5-68
22-->src/main/AndroidManifest.xml:16:22-65
23
24    <!-- Account management for auto-logout -->
25    <uses-permission android:name="android.permission.GET_ACCOUNTS" />
25-->src/main/AndroidManifest.xml:19:5-71
25-->src/main/AndroidManifest.xml:19:22-68
26
27    <!-- Query installed apps -->
28    <uses-permission android:name="android.permission.QUERY_ALL_PACKAGES" />
28-->src/main/AndroidManifest.xml:22:5-119
28-->src/main/AndroidManifest.xml:22:22-74
29
30    <!-- Device admin for kiosk mode -->
31    <uses-permission android:name="android.permission.REQUEST_DELETE_PACKAGES" />
31-->src/main/AndroidManifest.xml:25:5-118
31-->src/main/AndroidManifest.xml:25:22-79
32
33    <!-- OTA update: allow installing APKs downloaded from the server -->
34    <uses-permission android:name="android.permission.REQUEST_INSTALL_PACKAGES" />
34-->src/main/AndroidManifest.xml:28:5-83
34-->src/main/AndroidManifest.xml:28:22-80
35
36    <!-- Status bar blocker overlay: draw above all apps to block notification shade -->
37    <uses-permission android:name="android.permission.SYSTEM_ALERT_WINDOW" />
37-->src/main/AndroidManifest.xml:31:5-78
37-->src/main/AndroidManifest.xml:31:22-75
38
39    <!-- Required for querying installed apps on Android 11+ -->
40    <queries>
40-->src/main/AndroidManifest.xml:130:5-154:15
41        <intent>
41-->src/main/AndroidManifest.xml:131:9-134:18
42            <action android:name="android.intent.action.MAIN" />
42-->src/main/AndroidManifest.xml:55:17-69
42-->src/main/AndroidManifest.xml:55:25-66
43
44            <category android:name="android.intent.category.LAUNCHER" />
44-->src/main/AndroidManifest.xml:56:17-77
44-->src/main/AndroidManifest.xml:56:27-74
45        </intent>
46        <intent>
46-->src/main/AndroidManifest.xml:135:9-138:18
47            <action android:name="android.intent.action.MAIN" />
47-->src/main/AndroidManifest.xml:55:17-69
47-->src/main/AndroidManifest.xml:55:25-66
48
49            <category android:name="android.intent.category.DEFAULT" />
49-->src/main/AndroidManifest.xml:71:17-76
49-->src/main/AndroidManifest.xml:71:27-73
50        </intent>
51        <intent>
51-->src/main/AndroidManifest.xml:139:9-142:18
52            <action android:name="android.intent.action.MAIN" />
52-->src/main/AndroidManifest.xml:55:17-69
52-->src/main/AndroidManifest.xml:55:25-66
53
54            <category android:name="android.intent.category.HOME" />
54-->src/main/AndroidManifest.xml:70:17-73
54-->src/main/AndroidManifest.xml:70:27-70
55        </intent>
56        <intent>
56-->src/main/AndroidManifest.xml:143:9-146:18
57            <action android:name="android.intent.action.VIEW" />
57-->src/main/AndroidManifest.xml:144:13-65
57-->src/main/AndroidManifest.xml:144:21-62
58
59            <data android:scheme="https" />
59-->src/main/AndroidManifest.xml:145:13-44
59-->src/main/AndroidManifest.xml:145:19-41
60        </intent>
61        <intent>
61-->src/main/AndroidManifest.xml:147:9-149:18
62            <action android:name="android.intent.action.DIAL" />
62-->src/main/AndroidManifest.xml:148:13-65
62-->src/main/AndroidManifest.xml:148:21-62
63        </intent>
64        <intent>
64-->src/main/AndroidManifest.xml:150:9-153:18
65            <action android:name="android.intent.action.SEND" />
65-->src/main/AndroidManifest.xml:151:13-65
65-->src/main/AndroidManifest.xml:151:21-62
66
67            <data android:mimeType="*/*" />
67-->src/main/AndroidManifest.xml:145:13-44
67-->src/main/AndroidManifest.xml:152:19-41
68        </intent>
69    </queries>
70
71    <uses-permission android:name="android.permission.RECEIVE_BOOT_COMPLETED" />
71-->[androidx.work:work-runtime:2.9.0] AndroidManifest.xml:25:5-81
71-->[androidx.work:work-runtime:2.9.0] AndroidManifest.xml:25:22-78
72
73    <permission
73-->[androidx.core:core:1.12.0] AndroidManifest.xml:22:5-24:47
74        android:name="com.ajcpisowifi.phonerental.DYNAMIC_RECEIVER_NOT_EXPORTED_PERMISSION"
74-->[androidx.core:core:1.12.0] AndroidManifest.xml:23:9-81
75        android:protectionLevel="signature" />
75-->[androidx.core:core:1.12.0] AndroidManifest.xml:24:9-44
76
77    <uses-permission android:name="com.ajcpisowifi.phonerental.DYNAMIC_RECEIVER_NOT_EXPORTED_PERMISSION" />
77-->[androidx.core:core:1.12.0] AndroidManifest.xml:26:5-97
77-->[androidx.core:core:1.12.0] AndroidManifest.xml:26:22-94
78
79    <application
79-->src/main/AndroidManifest.xml:33:5-127:19
80        android:allowBackup="false"
80-->src/main/AndroidManifest.xml:34:9-36
81        android:appComponentFactory="androidx.core.app.CoreComponentFactory"
81-->[androidx.core:core:1.12.0] AndroidManifest.xml:28:18-86
82        android:debuggable="true"
83        android:extractNativeLibs="false"
84        android:icon="@mipmap/ic_launcher"
84-->src/main/AndroidManifest.xml:35:9-43
85        android:label="@string/app_name"
85-->src/main/AndroidManifest.xml:36:9-41
86        android:supportsRtl="true"
86-->src/main/AndroidManifest.xml:37:9-35
87        android:theme="@style/Theme.PhoneRental"
87-->src/main/AndroidManifest.xml:38:9-49
88        android:usesCleartextTraffic="true" >
88-->src/main/AndroidManifest.xml:39:9-44
89
90        <!-- Main Launcher Activity -->
91        <!--
92             NOTE: HOME/DEFAULT categories are NOT declared here because they
93             prevent installation on regular phones. Instead, the app registers
94             as a launcher programmatically when set as Device Owner via
95             dpm set-default-launcher. This allows normal sideload installation.
96        -->
97        <activity
97-->src/main/AndroidManifest.xml:47:9-58:20
98            android:name="com.ajcpisowifi.phonerental.ui.MainActivity"
98-->src/main/AndroidManifest.xml:48:13-44
99            android:configChanges="orientation|screenSize|keyboardHidden"
99-->src/main/AndroidManifest.xml:52:13-74
100            android:exported="true"
100-->src/main/AndroidManifest.xml:49:13-36
101            android:launchMode="singleTask"
101-->src/main/AndroidManifest.xml:50:13-44
102            android:screenOrientation="portrait"
102-->src/main/AndroidManifest.xml:51:13-49
103            android:stateNotNeeded="true" >
103-->src/main/AndroidManifest.xml:53:13-42
104            <intent-filter>
104-->src/main/AndroidManifest.xml:54:13-57:29
105                <action android:name="android.intent.action.MAIN" />
105-->src/main/AndroidManifest.xml:55:17-69
105-->src/main/AndroidManifest.xml:55:25-66
106
107                <category android:name="android.intent.category.LAUNCHER" />
107-->src/main/AndroidManifest.xml:56:17-77
107-->src/main/AndroidManifest.xml:56:27-74
108            </intent-filter>
109        </activity>
110        <!--
111 Launcher alias: enabled ONLY when app is set as Device Owner.
112             This provides the HOME category for kiosk mode.
113             Disabled by default so the app installs normally on any phone.
114        -->
115        <activity-alias
115-->src/main/AndroidManifest.xml:63:9-73:26
116            android:name="com.ajcpisowifi.phonerental.ui.MainLauncherAlias"
116-->src/main/AndroidManifest.xml:64:13-49
117            android:enabled="false"
117-->src/main/AndroidManifest.xml:66:13-36
118            android:exported="true"
118-->src/main/AndroidManifest.xml:67:13-36
119            android:targetActivity="com.ajcpisowifi.phonerental.ui.MainActivity" >
119-->src/main/AndroidManifest.xml:65:13-54
120            <intent-filter>
120-->src/main/AndroidManifest.xml:68:13-72:29
121                <action android:name="android.intent.action.MAIN" />
121-->src/main/AndroidManifest.xml:55:17-69
121-->src/main/AndroidManifest.xml:55:25-66
122
123                <category android:name="android.intent.category.HOME" />
123-->src/main/AndroidManifest.xml:70:17-73
123-->src/main/AndroidManifest.xml:70:27-70
124                <category android:name="android.intent.category.DEFAULT" />
124-->src/main/AndroidManifest.xml:71:17-76
124-->src/main/AndroidManifest.xml:71:27-73
125            </intent-filter>
126        </activity-alias>
127
128        <!-- Setup Activity for configuring server connection -->
129        <activity
129-->src/main/AndroidManifest.xml:76:9-79:52
130            android:name="com.ajcpisowifi.phonerental.ui.SetupActivity"
130-->src/main/AndroidManifest.xml:77:13-45
131            android:exported="false"
131-->src/main/AndroidManifest.xml:78:13-37
132            android:screenOrientation="portrait" />
132-->src/main/AndroidManifest.xml:79:13-49
133
134        <!-- Admin Activity for app management -->
135        <activity
135-->src/main/AndroidManifest.xml:82:9-85:52
136            android:name="com.ajcpisowifi.phonerental.admin.AdminActivity"
136-->src/main/AndroidManifest.xml:83:13-48
137            android:exported="false"
137-->src/main/AndroidManifest.xml:84:13-37
138            android:screenOrientation="portrait" />
138-->src/main/AndroidManifest.xml:85:13-49
139
140        <!-- Device Admin Receiver for lock task mode -->
141        <receiver
141-->src/main/AndroidManifest.xml:88:9-98:20
142            android:name="com.ajcpisowifi.phonerental.admin.KioskDeviceAdmin"
142-->src/main/AndroidManifest.xml:89:13-51
143            android:exported="true"
143-->src/main/AndroidManifest.xml:90:13-36
144            android:permission="android.permission.BIND_DEVICE_ADMIN" >
144-->src/main/AndroidManifest.xml:91:13-70
145            <meta-data
145-->src/main/AndroidManifest.xml:92:13-94:65
146                android:name="android.app.device_admin"
146-->src/main/AndroidManifest.xml:93:17-56
147                android:resource="@xml/device_admin_policies" />
147-->src/main/AndroidManifest.xml:94:17-62
148
149            <intent-filter>
149-->src/main/AndroidManifest.xml:95:13-97:29
150                <action android:name="android.app.action.DEVICE_ADMIN_ENABLED" />
150-->src/main/AndroidManifest.xml:96:17-82
150-->src/main/AndroidManifest.xml:96:25-79
151            </intent-filter>
152        </receiver>
153
154        <!-- Timer Foreground Service -->
155        <service
155-->src/main/AndroidManifest.xml:101:9-105:36
156            android:name="com.ajcpisowifi.phonerental.service.TimerService"
156-->src/main/AndroidManifest.xml:102:13-49
157            android:exported="false"
157-->src/main/AndroidManifest.xml:103:13-37
158            android:foregroundServiceType="specialUse" />
158-->src/main/AndroidManifest.xml:104:13-55
159
160        <!-- Status Bar Blocker overlay service (kiosk protection) -->
161        <service
161-->src/main/AndroidManifest.xml:108:9-110:40
162            android:name="com.ajcpisowifi.phonerental.service.StatusBarBlockerService"
162-->src/main/AndroidManifest.xml:109:13-60
163            android:exported="false" />
163-->src/main/AndroidManifest.xml:110:13-37
164
165        <!--
166             HeartbeatWorker is a WorkManager worker, NOT a service.
167             WorkManager auto-registers via AndroidManifest merge.
168             Do NOT declare it as <service> or it crashes on startup.
169        -->
170
171
172        <!-- FileProvider for sharing downloaded APK with system installer -->
173        <provider
174            android:name="androidx.core.content.FileProvider"
174-->src/main/AndroidManifest.xml:118:13-62
175            android:authorities="com.ajcpisowifi.phonerental.fileprovider"
175-->src/main/AndroidManifest.xml:119:13-64
176            android:exported="false"
176-->src/main/AndroidManifest.xml:120:13-37
177            android:grantUriPermissions="true" >
177-->src/main/AndroidManifest.xml:121:13-47
178            <meta-data
178-->src/main/AndroidManifest.xml:122:13-124:63
179                android:name="android.support.FILE_PROVIDER_PATHS"
179-->src/main/AndroidManifest.xml:123:17-67
180                android:resource="@xml/file_provider_paths" />
180-->src/main/AndroidManifest.xml:124:17-60
181        </provider>
182        <provider
182-->[androidx.emoji2:emoji2:1.2.0] AndroidManifest.xml:24:9-32:20
183            android:name="androidx.startup.InitializationProvider"
183-->[androidx.emoji2:emoji2:1.2.0] AndroidManifest.xml:25:13-67
184            android:authorities="com.ajcpisowifi.phonerental.androidx-startup"
184-->[androidx.emoji2:emoji2:1.2.0] AndroidManifest.xml:26:13-68
185            android:exported="false" >
185-->[androidx.emoji2:emoji2:1.2.0] AndroidManifest.xml:27:13-37
186            <meta-data
186-->[androidx.emoji2:emoji2:1.2.0] AndroidManifest.xml:29:13-31:52
187                android:name="androidx.emoji2.text.EmojiCompatInitializer"
187-->[androidx.emoji2:emoji2:1.2.0] AndroidManifest.xml:30:17-75
188                android:value="androidx.startup" />
188-->[androidx.emoji2:emoji2:1.2.0] AndroidManifest.xml:31:17-49
189            <meta-data
189-->[androidx.work:work-runtime:2.9.0] AndroidManifest.xml:34:13-36:52
190                android:name="androidx.work.WorkManagerInitializer"
190-->[androidx.work:work-runtime:2.9.0] AndroidManifest.xml:35:17-68
191                android:value="androidx.startup" />
191-->[androidx.work:work-runtime:2.9.0] AndroidManifest.xml:36:17-49
192            <meta-data
192-->[androidx.lifecycle:lifecycle-process:2.7.0] AndroidManifest.xml:29:13-31:52
193                android:name="androidx.lifecycle.ProcessLifecycleInitializer"
193-->[androidx.lifecycle:lifecycle-process:2.7.0] AndroidManifest.xml:30:17-78
194                android:value="androidx.startup" />
194-->[androidx.lifecycle:lifecycle-process:2.7.0] AndroidManifest.xml:31:17-49
195            <meta-data
195-->[androidx.profileinstaller:profileinstaller:1.3.0] AndroidManifest.xml:29:13-31:52
196                android:name="androidx.profileinstaller.ProfileInstallerInitializer"
196-->[androidx.profileinstaller:profileinstaller:1.3.0] AndroidManifest.xml:30:17-85
197                android:value="androidx.startup" />
197-->[androidx.profileinstaller:profileinstaller:1.3.0] AndroidManifest.xml:31:17-49
198        </provider>
199
200        <service
200-->[androidx.work:work-runtime:2.9.0] AndroidManifest.xml:39:9-45:35
201            android:name="androidx.work.impl.background.systemalarm.SystemAlarmService"
201-->[androidx.work:work-runtime:2.9.0] AndroidManifest.xml:40:13-88
202            android:directBootAware="false"
202-->[androidx.work:work-runtime:2.9.0] AndroidManifest.xml:41:13-44
203            android:enabled="@bool/enable_system_alarm_service_default"
203-->[androidx.work:work-runtime:2.9.0] AndroidManifest.xml:42:13-72
204            android:exported="false" />
204-->[androidx.work:work-runtime:2.9.0] AndroidManifest.xml:43:13-37
205        <service
205-->[androidx.work:work-runtime:2.9.0] AndroidManifest.xml:46:9-52:35
206            android:name="androidx.work.impl.background.systemjob.SystemJobService"
206-->[androidx.work:work-runtime:2.9.0] AndroidManifest.xml:47:13-84
207            android:directBootAware="false"
207-->[androidx.work:work-runtime:2.9.0] AndroidManifest.xml:48:13-44
208            android:enabled="@bool/enable_system_job_service_default"
208-->[androidx.work:work-runtime:2.9.0] AndroidManifest.xml:49:13-70
209            android:exported="true"
209-->[androidx.work:work-runtime:2.9.0] AndroidManifest.xml:50:13-36
210            android:permission="android.permission.BIND_JOB_SERVICE" />
210-->[androidx.work:work-runtime:2.9.0] AndroidManifest.xml:51:13-69
211        <service
211-->[androidx.work:work-runtime:2.9.0] AndroidManifest.xml:53:9-59:35
212            android:name="androidx.work.impl.foreground.SystemForegroundService"
212-->[androidx.work:work-runtime:2.9.0] AndroidManifest.xml:54:13-81
213            android:directBootAware="false"
213-->[androidx.work:work-runtime:2.9.0] AndroidManifest.xml:55:13-44
214            android:enabled="@bool/enable_system_foreground_service_default"
214-->[androidx.work:work-runtime:2.9.0] AndroidManifest.xml:56:13-77
215            android:exported="false" />
215-->[androidx.work:work-runtime:2.9.0] AndroidManifest.xml:57:13-37
216
217        <receiver
217-->[androidx.work:work-runtime:2.9.0] AndroidManifest.xml:61:9-66:35
218            android:name="androidx.work.impl.utils.ForceStopRunnable$BroadcastReceiver"
218-->[androidx.work:work-runtime:2.9.0] AndroidManifest.xml:62:13-88
219            android:directBootAware="false"
219-->[androidx.work:work-runtime:2.9.0] AndroidManifest.xml:63:13-44
220            android:enabled="true"
220-->[androidx.work:work-runtime:2.9.0] AndroidManifest.xml:64:13-35
221            android:exported="false" />
221-->[androidx.work:work-runtime:2.9.0] AndroidManifest.xml:65:13-37
222        <receiver
222-->[androidx.work:work-runtime:2.9.0] AndroidManifest.xml:67:9-77:20
223            android:name="androidx.work.impl.background.systemalarm.ConstraintProxy$BatteryChargingProxy"
223-->[androidx.work:work-runtime:2.9.0] AndroidManifest.xml:68:13-106
224            android:directBootAware="false"
224-->[androidx.work:work-runtime:2.9.0] AndroidManifest.xml:69:13-44
225            android:enabled="false"
225-->[androidx.work:work-runtime:2.9.0] AndroidManifest.xml:70:13-36
226            android:exported="false" >
226-->[androidx.work:work-runtime:2.9.0] AndroidManifest.xml:71:13-37
227            <intent-filter>
227-->[androidx.work:work-runtime:2.9.0] AndroidManifest.xml:73:13-76:29
228                <action android:name="android.intent.action.ACTION_POWER_CONNECTED" />
228-->[androidx.work:work-runtime:2.9.0] AndroidManifest.xml:74:17-87
228-->[androidx.work:work-runtime:2.9.0] AndroidManifest.xml:74:25-84
229                <action android:name="android.intent.action.ACTION_POWER_DISCONNECTED" />
229-->[androidx.work:work-runtime:2.9.0] AndroidManifest.xml:75:17-90
229-->[androidx.work:work-runtime:2.9.0] AndroidManifest.xml:75:25-87
230            </intent-filter>
231        </receiver>
232        <receiver
232-->[androidx.work:work-runtime:2.9.0] AndroidManifest.xml:78:9-88:20
233            android:name="androidx.work.impl.background.systemalarm.ConstraintProxy$BatteryNotLowProxy"
233-->[androidx.work:work-runtime:2.9.0] AndroidManifest.xml:79:13-104
234            android:directBootAware="false"
234-->[androidx.work:work-runtime:2.9.0] AndroidManifest.xml:80:13-44
235            android:enabled="false"
235-->[androidx.work:work-runtime:2.9.0] AndroidManifest.xml:81:13-36
236            android:exported="false" >
236-->[androidx.work:work-runtime:2.9.0] AndroidManifest.xml:82:13-37
237            <intent-filter>
237-->[androidx.work:work-runtime:2.9.0] AndroidManifest.xml:84:13-87:29
238                <action android:name="android.intent.action.BATTERY_OKAY" />
238-->[androidx.work:work-runtime:2.9.0] AndroidManifest.xml:85:17-77
238-->[androidx.work:work-runtime:2.9.0] AndroidManifest.xml:85:25-74
239                <action android:name="android.intent.action.BATTERY_LOW" />
239-->[androidx.work:work-runtime:2.9.0] AndroidManifest.xml:86:17-76
239-->[androidx.work:work-runtime:2.9.0] AndroidManifest.xml:86:25-73
240            </intent-filter>
241        </receiver>
242        <receiver
242-->[androidx.work:work-runtime:2.9.0] AndroidManifest.xml:89:9-99:20
243            android:name="androidx.work.impl.background.systemalarm.ConstraintProxy$StorageNotLowProxy"
243-->[androidx.work:work-runtime:2.9.0] AndroidManifest.xml:90:13-104
244            android:directBootAware="false"
244-->[androidx.work:work-runtime:2.9.0] AndroidManifest.xml:91:13-44
245            android:enabled="false"
245-->[androidx.work:work-runtime:2.9.0] AndroidManifest.xml:92:13-36
246            android:exported="false" >
246-->[androidx.work:work-runtime:2.9.0] AndroidManifest.xml:93:13-37
247            <intent-filter>
247-->[androidx.work:work-runtime:2.9.0] AndroidManifest.xml:95:13-98:29
248                <action android:name="android.intent.action.DEVICE_STORAGE_LOW" />
248-->[androidx.work:work-runtime:2.9.0] AndroidManifest.xml:96:17-83
248-->[androidx.work:work-runtime:2.9.0] AndroidManifest.xml:96:25-80
249                <action android:name="android.intent.action.DEVICE_STORAGE_OK" />
249-->[androidx.work:work-runtime:2.9.0] AndroidManifest.xml:97:17-82
249-->[androidx.work:work-runtime:2.9.0] AndroidManifest.xml:97:25-79
250            </intent-filter>
251        </receiver>
252        <receiver
252-->[androidx.work:work-runtime:2.9.0] AndroidManifest.xml:100:9-109:20
253            android:name="androidx.work.impl.background.systemalarm.ConstraintProxy$NetworkStateProxy"
253-->[androidx.work:work-runtime:2.9.0] AndroidManifest.xml:101:13-103
254            android:directBootAware="false"
254-->[androidx.work:work-runtime:2.9.0] AndroidManifest.xml:102:13-44
255            android:enabled="false"
255-->[androidx.work:work-runtime:2.9.0] AndroidManifest.xml:103:13-36
256            android:exported="false" >
256-->[androidx.work:work-runtime:2.9.0] AndroidManifest.xml:104:13-37
257            <intent-filter>
257-->[androidx.work:work-runtime:2.9.0] AndroidManifest.xml:106:13-108:29
258                <action android:name="android.net.conn.CONNECTIVITY_CHANGE" />
258-->[androidx.work:work-runtime:2.9.0] AndroidManifest.xml:107:17-79
258-->[androidx.work:work-runtime:2.9.0] AndroidManifest.xml:107:25-76
259            </intent-filter>
260        </receiver>
261        <receiver
261-->[androidx.work:work-runtime:2.9.0] AndroidManifest.xml:110:9-121:20
262            android:name="androidx.work.impl.background.systemalarm.RescheduleReceiver"
262-->[androidx.work:work-runtime:2.9.0] AndroidManifest.xml:111:13-88
263            android:directBootAware="false"
263-->[androidx.work:work-runtime:2.9.0] AndroidManifest.xml:112:13-44
264            android:enabled="false"
264-->[androidx.work:work-runtime:2.9.0] AndroidManifest.xml:113:13-36
265            android:exported="false" >
265-->[androidx.work:work-runtime:2.9.0] AndroidManifest.xml:114:13-37
266            <intent-filter>
266-->[androidx.work:work-runtime:2.9.0] AndroidManifest.xml:116:13-120:29
267                <action android:name="android.intent.action.BOOT_COMPLETED" />
267-->[androidx.work:work-runtime:2.9.0] AndroidManifest.xml:117:17-79
267-->[androidx.work:work-runtime:2.9.0] AndroidManifest.xml:117:25-76
268                <action android:name="android.intent.action.TIME_SET" />
268-->[androidx.work:work-runtime:2.9.0] AndroidManifest.xml:118:17-73
268-->[androidx.work:work-runtime:2.9.0] AndroidManifest.xml:118:25-70
269                <action android:name="android.intent.action.TIMEZONE_CHANGED" />
269-->[androidx.work:work-runtime:2.9.0] AndroidManifest.xml:119:17-81
269-->[androidx.work:work-runtime:2.9.0] AndroidManifest.xml:119:25-78
270            </intent-filter>
271        </receiver>
272        <receiver
272-->[androidx.work:work-runtime:2.9.0] AndroidManifest.xml:122:9-131:20
273            android:name="androidx.work.impl.background.systemalarm.ConstraintProxyUpdateReceiver"
273-->[androidx.work:work-runtime:2.9.0] AndroidManifest.xml:123:13-99
274            android:directBootAware="false"
274-->[androidx.work:work-runtime:2.9.0] AndroidManifest.xml:124:13-44
275            android:enabled="@bool/enable_system_alarm_service_default"
275-->[androidx.work:work-runtime:2.9.0] AndroidManifest.xml:125:13-72
276            android:exported="false" >
276-->[androidx.work:work-runtime:2.9.0] AndroidManifest.xml:126:13-37
277            <intent-filter>
277-->[androidx.work:work-runtime:2.9.0] AndroidManifest.xml:128:13-130:29
278                <action android:name="androidx.work.impl.background.systemalarm.UpdateProxies" />
278-->[androidx.work:work-runtime:2.9.0] AndroidManifest.xml:129:17-98
278-->[androidx.work:work-runtime:2.9.0] AndroidManifest.xml:129:25-95
279            </intent-filter>
280        </receiver>
281        <receiver
281-->[androidx.work:work-runtime:2.9.0] AndroidManifest.xml:132:9-142:20
282            android:name="androidx.work.impl.diagnostics.DiagnosticsReceiver"
282-->[androidx.work:work-runtime:2.9.0] AndroidManifest.xml:133:13-78
283            android:directBootAware="false"
283-->[androidx.work:work-runtime:2.9.0] AndroidManifest.xml:134:13-44
284            android:enabled="true"
284-->[androidx.work:work-runtime:2.9.0] AndroidManifest.xml:135:13-35
285            android:exported="true"
285-->[androidx.work:work-runtime:2.9.0] AndroidManifest.xml:136:13-36
286            android:permission="android.permission.DUMP" >
286-->[androidx.work:work-runtime:2.9.0] AndroidManifest.xml:137:13-57
287            <intent-filter>
287-->[androidx.work:work-runtime:2.9.0] AndroidManifest.xml:139:13-141:29
288                <action android:name="androidx.work.diagnostics.REQUEST_DIAGNOSTICS" />
288-->[androidx.work:work-runtime:2.9.0] AndroidManifest.xml:140:17-88
288-->[androidx.work:work-runtime:2.9.0] AndroidManifest.xml:140:25-85
289            </intent-filter>
290        </receiver>
291
292        <service
292-->[androidx.room:room-runtime:2.5.0] AndroidManifest.xml:24:9-28:63
293            android:name="androidx.room.MultiInstanceInvalidationService"
293-->[androidx.room:room-runtime:2.5.0] AndroidManifest.xml:25:13-74
294            android:directBootAware="true"
294-->[androidx.room:room-runtime:2.5.0] AndroidManifest.xml:26:13-43
295            android:exported="false" />
295-->[androidx.room:room-runtime:2.5.0] AndroidManifest.xml:27:13-37
296
297        <receiver
297-->[androidx.profileinstaller:profileinstaller:1.3.0] AndroidManifest.xml:34:9-52:20
298            android:name="androidx.profileinstaller.ProfileInstallReceiver"
298-->[androidx.profileinstaller:profileinstaller:1.3.0] AndroidManifest.xml:35:13-76
299            android:directBootAware="false"
299-->[androidx.profileinstaller:profileinstaller:1.3.0] AndroidManifest.xml:36:13-44
300            android:enabled="true"
300-->[androidx.profileinstaller:profileinstaller:1.3.0] AndroidManifest.xml:37:13-35
301            android:exported="true"
301-->[androidx.profileinstaller:profileinstaller:1.3.0] AndroidManifest.xml:38:13-36
302            android:permission="android.permission.DUMP" >
302-->[androidx.profileinstaller:profileinstaller:1.3.0] AndroidManifest.xml:39:13-57
303            <intent-filter>
303-->[androidx.profileinstaller:profileinstaller:1.3.0] AndroidManifest.xml:40:13-42:29
304                <action android:name="androidx.profileinstaller.action.INSTALL_PROFILE" />
304-->[androidx.profileinstaller:profileinstaller:1.3.0] AndroidManifest.xml:41:17-91
304-->[androidx.profileinstaller:profileinstaller:1.3.0] AndroidManifest.xml:41:25-88
305            </intent-filter>
306            <intent-filter>
306-->[androidx.profileinstaller:profileinstaller:1.3.0] AndroidManifest.xml:43:13-45:29
307                <action android:name="androidx.profileinstaller.action.SKIP_FILE" />
307-->[androidx.profileinstaller:profileinstaller:1.3.0] AndroidManifest.xml:44:17-85
307-->[androidx.profileinstaller:profileinstaller:1.3.0] AndroidManifest.xml:44:25-82
308            </intent-filter>
309            <intent-filter>
309-->[androidx.profileinstaller:profileinstaller:1.3.0] AndroidManifest.xml:46:13-48:29
310                <action android:name="androidx.profileinstaller.action.SAVE_PROFILE" />
310-->[androidx.profileinstaller:profileinstaller:1.3.0] AndroidManifest.xml:47:17-88
310-->[androidx.profileinstaller:profileinstaller:1.3.0] AndroidManifest.xml:47:25-85
311            </intent-filter>
312            <intent-filter>
312-->[androidx.profileinstaller:profileinstaller:1.3.0] AndroidManifest.xml:49:13-51:29
313                <action android:name="androidx.profileinstaller.action.BENCHMARK_OPERATION" />
313-->[androidx.profileinstaller:profileinstaller:1.3.0] AndroidManifest.xml:50:17-95
313-->[androidx.profileinstaller:profileinstaller:1.3.0] AndroidManifest.xml:50:25-92
314            </intent-filter>
315        </receiver>
316    </application>
317
318</manifest>